Determining if the pthread_create exist failed with the following output:
Change Dir: /home/joel/catkin_ws/src/net_ft_packages/netft_rdt_driver/build/CMakeFiles/CMakeTmp

Run Build Command:/usr/bin/make "cmTryCompileExec1220744942/fast"
make[1]: Entering directory `/home/joel/catkin_ws/src/net_ft_packages/netft_rdt_driver/build/CMakeFiles/CMakeTmp'
/usr/bin/make -f CMakeFiles/cmTryCompileExec1220744942.dir/build.make CMakeFiles/cmTryCompileExec1220744942.dir/build
make[2]: Entering directory `/home/joel/catkin_ws/src/net_ft_packages/netft_rdt_driver/build/CMakeFiles/CMakeTmp'
/usr/bin/cmake -E cmake_progress_report /home/joel/catkin_ws/src/net_ft_packages/netft_rdt_driver/build/CMakeFiles/CMakeTmp/CMakeFiles 1
Building C object CMakeFiles/cmTryCompileExec1220744942.dir/CheckSymbolExists.c.o
/usr/bin/cc    -o CMakeFiles/cmTryCompileExec1220744942.dir/CheckSymbolExists.c.o   -c /home/joel/catkin_ws/src/net_ft_packages/netft_rdt_driver/build/CMakeFiles/CMakeTmp/CheckSymbolExists.c
Linking C executable cmTryCompileExec1220744942
/usr/bin/cmake -E cmake_link_script CMakeFiles/cmTryCompileExec1220744942.dir/link.txt --verbose=1
/usr/bin/cc       CMakeFiles/cmTryCompileExec1220744942.dir/CheckSymbolExists.c.o  -o cmTryCompileExec1220744942 -rdynamic 
CMakeFiles/cmTryCompileExec1220744942.dir/CheckSymbolExists.c.o: In function `main':
CheckSymbolExists.c:(.text+0x16): undefined reference to `pthread_create'
collect2: error: ld returned 1 exit status
make[2]: *** [cmTryCompileExec1220744942] Error 1
make[2]: Leaving directory `/home/joel/catkin_ws/src/net_ft_packages/netft_rdt_driver/build/CMakeFiles/CMakeTmp'
make[1]: *** [cmTryCompileExec1220744942/fast] Error 2
make[1]: Leaving directory `/home/joel/catkin_ws/src/net_ft_packages/netft_rdt_driver/build/CMakeFiles/CMakeTmp'

File /home/joel/catkin_ws/src/net_ft_packages/netft_rdt_driver/build/CMakeFiles/CMakeTmp/CheckSymbolExists.c:
/* */
#include <pthread.h>

int main(int argc, char** argv)
{
  (void)argv;
#ifndef pthread_create
  return ((int*)(&pthread_create))[argc];
#else
  (void)argc;
  return 0;
#endif
}

Determining if the function pthread_create exists in the pthreads failed with the following output:
Change Dir: /home/joel/catkin_ws/src/net_ft_packages/netft_rdt_driver/build/CMakeFiles/CMakeTmp

Run Build Command:/usr/bin/make "cmTryCompileExec4178092004/fast"
make[1]: Entering directory `/home/joel/catkin_ws/src/net_ft_packages/netft_rdt_driver/build/CMakeFiles/CMakeTmp'
/usr/bin/make -f CMakeFiles/cmTryCompileExec4178092004.dir/build.make CMakeFiles/cmTryCompileExec4178092004.dir/build
make[2]: Entering directory `/home/joel/catkin_ws/src/net_ft_packages/netft_rdt_driver/build/CMakeFiles/CMakeTmp'
/usr/bin/cmake -E cmake_progress_report /home/joel/catkin_ws/src/net_ft_packages/netft_rdt_driver/build/CMakeFiles/CMakeTmp/CMakeFiles 1
Building C object CMakeFiles/cmTryCompileExec4178092004.dir/CheckFunctionExists.c.o
/usr/bin/cc   -DCHECK_FUNCTION_EXISTS=pthread_create   -o CMakeFiles/cmTryCompileExec4178092004.dir/CheckFunctionExists.c.o   -c /usr/share/cmake-2.8/Modules/CheckFunctionExists.c
Linking C executable cmTryCompileExec4178092004
/usr/bin/cmake -E cmake_link_script CMakeFiles/cmTryCompileExec4178092004.dir/link.txt --verbose=1
/usr/bin/cc   -DCHECK_FUNCTION_EXISTS=pthread_create    CMakeFiles/cmTryCompileExec4178092004.dir/CheckFunctionExists.c.o  -o cmTryCompileExec4178092004 -rdynamic -lpthreads 
/usr/bin/ld: cannot find -lpthreads
collect2: error: ld returned 1 exit status
make[2]: *** [cmTryCompileExec4178092004] Error 1
make[2]: Leaving directory `/home/joel/catkin_ws/src/net_ft_packages/netft_rdt_driver/build/CMakeFiles/CMakeTmp'
make[1]: *** [cmTryCompileExec4178092004/fast] Error 2
make[1]: Leaving directory `/home/joel/catkin_ws/src/net_ft_packages/netft_rdt_driver/build/CMakeFiles/CMakeTmp'


